+------------------------------------+-------------+-----------+---------------------------------------------------------------+----------------------------------------------------------------------------------------------------------------------------------------------------------------------------------------------------------------------------------------------------------------------------------------------------------------------------------------------------------------------------------------------------------------------------------------------------------------------------------------------------------------------+
| id                                 | estRows     | task      | access object                                                 | operator info                                                                                                                                                                                                                                                                                                                                                                                                                                                                                                        |
+------------------------------------+-------------+-----------+---------------------------------------------------------------+----------------------------------------------------------------------------------------------------------------------------------------------------------------------------------------------------------------------------------------------------------------------------------------------------------------------------------------------------------------------------------------------------------------------------------------------------------------------------------------------------------------------+
| Projection_44                      | 5.00        | root      |                                                               | gharchive_dev.github_events.actor_id, gharchive_dev.github_events.actor_login, plus(plus(Column#41, Column#42), Column#43)->Column#44, Column#41, Column#42, Column#43                                                                                                                                                                                                                                                                                                                                               |
| └─Projection_53                    | 5.00        | root      |                                                               | gharchive_dev.github_events.actor_id, gharchive_dev.github_events.actor_login, Column#41, Column#42, Column#43                                                                                                                                                                                                                                                                                                                                                                                                       |
|   └─TopN_45                        | 5.00        | root      |                                                               | Column#63:desc, offset:0, count:5                                                                                                                                                                                                                                                                                                                                                                                                                                                                                    |
|     └─Projection_54                | 1077.70     | root      |                                                               | gharchive_dev.github_events.actor_id, gharchive_dev.github_events.actor_login, Column#41, Column#42, Column#43, plus(plus(Column#41, Column#42), Column#43)->Column#63                                                                                                                                                                                                                                                                                                                                               |
|       └─CTEFullScan_49             | 1077.70     | root      | CTE:pr_24h                                                    | data:CTE_0                                                                                                                                                                                                                                                                                                                                                                                                                                                                                                           |
| CTE_0                              | 1077.70     | root      |                                                               | Non-Recursive CTE                                                                                                                                                                                                                                                                                                                                                                                                                                                                                                    |
| └─Projection_10(Seed Part)         | 1077.70     | root      |                                                               | gharchive_dev.github_events.actor_id, gharchive_dev.github_events.actor_login, Column#36, Column#37, Column#38                                                                                                                                                                                                                                                                                                                                                                                                       |
|   └─HashAgg_11                     | 1077.70     | root      |                                                               | group by:Column#61, Column#62, funcs:count(distinct Column#56)->Column#36, funcs:count(distinct Column#57)->Column#37, funcs:count(distinct Column#58)->Column#38, funcs:firstrow(Column#59)->gharchive_dev.github_events.actor_id, funcs:firstrow(Column#60)->gharchive_dev.github_events.actor_login                                                                                                                                                                                                               |
|     └─Projection_43                | 102985.43   | root      |                                                               | case(eq(gharchive_dev.github_events.action, opened), gharchive_dev.github_events.pr_or_issue_id, <nil>)->Column#56, case(and(eq(gharchive_dev.github_events.action, closed), eq(gharchive_dev.github_events.pr_merged, 0)), gharchive_dev.github_events.pr_or_issue_id, <nil>)->Column#57, case(and(eq(gharchive_dev.github_events.action, closed), eq(gharchive_dev.github_events.pr_merged, 1)), gharchive_dev.github_events.pr_or_issue_id, <nil>)->Column#58, gharchive_dev.github_events.actor_id, gharchive... |
|       └─IndexLookUp_24             | 102985.43   | root      | partition:pull_request_event                                  |                                                                                                                                                                                                                                                                                                                                                                                                                                                                                                                      |
|         ├─IndexRangeScan_21(Build) | 14737056.00 | cop[tikv] | table:ge, index:index_github_events_on_created_at(created_at) | range:(2022-09-04 15:08:35,+inf], keep order:false                                                                                                                                                                                                                                                                                                                                                                                                                                                                   |
|         └─Selection_23(Probe)      | 102985.43   | cop[tikv] |                                                               | eq(gharchive_dev.github_events.type, "PullRequestEvent"), not(like(gharchive_dev.github_events.actor_login, "%[bot]", 92)), not(like(gharchive_dev.github_events.actor_login, "%bot", 92)), or(eq(gharchive_dev.github_events.action, "opened"), eq(gharchive_dev.github_events.action, "closed"))                                                                                                                                                                                                                   |
|           └─TableRowIDScan_22      | 14737056.00 | cop[tikv] | table:ge                                                      | keep order:false                                                                                                                                                                                                                                                                                                                                                                                                                                                                                                     |
+------------------------------------+-------------+-----------+---------------------------------------------------------------+----------------------------------------------------------------------------------------------------------------------------------------------------------------------------------------------------------------------------------------------------------------------------------------------------------------------------------------------------------------------------------------------------------------------------------------------------------------------------------------------------------------------+